Start testing: Jul 02 11:21 CST
----------------------------------------------------------
1/21 Testing: KVServerIntegrationTest.Ping
1/21 Test: KVServerIntegrationTest.Ping
Command: ""
Directory: /home/huzeyi/xiangmu/TinyWebServer/tests/build
"KVServerIntegrationTest.Ping" start time: 
Output:
----------------------------------------------------------
<end of output>
Test time =   0.00 sec
----------------------------------------------------------
Test Passed.
"KVServerIntegrationTest.Ping" end time: Jul 02 11:21 CST
"KVServerIntegrationTest.Ping" time elapsed: 00:00:00
----------------------------------------------------------

2/21 Testing: KVServerIntegrationTest.PutGet
2/21 Test: KVServerIntegrationTest.PutGet
Command: ""
Directory: /home/huzeyi/xiangmu/TinyWebServer/tests/build
"KVServerIntegrationTest.PutGet" start time: 
Output:
----------------------------------------------------------
<end of output>
Test time =   0.00 sec
----------------------------------------------------------
Test Passed.
"KVServerIntegrationTest.PutGet" end time: Jul 02 11:21 CST
"KVServerIntegrationTest.PutGet" time elapsed: 00:00:00
----------------------------------------------------------

3/21 Testing: KVServerIntegrationTest.Delete
3/21 Test: KVServerIntegrationTest.Delete
Command: ""
Directory: /home/huzeyi/xiangmu/TinyWebServer/tests/build
"KVServerIntegrationTest.Delete" start time: 
Output:
----------------------------------------------------------
<end of output>
Test time =   0.00 sec
----------------------------------------------------------
Test Passed.
"KVServerIntegrationTest.Delete" end time: Jul 02 11:21 CST
"KVServerIntegrationTest.Delete" time elapsed: 00:00:00
----------------------------------------------------------

4/21 Testing: BlockQueueTest.PushPop
4/21 Test: BlockQueueTest.PushPop
Command: "/home/huzeyi/xiangmu/TinyWebServer/tests/build/tinykv_tests" "--gtest_filter=BlockQueueTest.PushPop" "--gtest_also_run_disabled_tests"
Directory: /home/huzeyi/xiangmu/TinyWebServer/tests/build
"BlockQueueTest.PushPop" start time: Jul 02 11:21 CST
Output:
----------------------------------------------------------
Running main() from /home/huzeyi/xiangmu/TinyWebServer/tests/build/_deps/googletest-src/googletest/src/gtest_main.cc
Note: Google Test filter = BlockQueueTest.PushPop
[==========] Running 1 test from 1 test suite.
[----------] Global test environment set-up.
[----------] 1 test from BlockQueueTest
[ RUN      ] BlockQueueTest.PushPop
[       OK ] BlockQueueTest.PushPop (0 ms)
[----------] 1 test from BlockQueueTest (0 ms total)

[----------] Global test environment tear-down
[==========] 1 test from 1 test suite ran. (0 ms total)
[  PASSED  ] 1 test.
<end of output>
Test time =   0.00 sec
----------------------------------------------------------
Test Passed.
"BlockQueueTest.PushPop" end time: Jul 02 11:21 CST
"BlockQueueTest.PushPop" time elapsed: 00:00:00
----------------------------------------------------------

5/21 Testing: BlockQueueTest.FullQueue
5/21 Test: BlockQueueTest.FullQueue
Command: "/home/huzeyi/xiangmu/TinyWebServer/tests/build/tinykv_tests" "--gtest_filter=BlockQueueTest.FullQueue" "--gtest_also_run_disabled_tests"
Directory: /home/huzeyi/xiangmu/TinyWebServer/tests/build
"BlockQueueTest.FullQueue" start time: Jul 02 11:21 CST
Output:
----------------------------------------------------------
Running main() from /home/huzeyi/xiangmu/TinyWebServer/tests/build/_deps/googletest-src/googletest/src/gtest_main.cc
Note: Google Test filter = BlockQueueTest.FullQueue
[==========] Running 1 test from 1 test suite.
[----------] Global test environment set-up.
[----------] 1 test from BlockQueueTest
[ RUN      ] BlockQueueTest.FullQueue
[       OK ] BlockQueueTest.FullQueue (0 ms)
[----------] 1 test from BlockQueueTest (0 ms total)

[----------] Global test environment tear-down
[==========] 1 test from 1 test suite ran. (0 ms total)
[  PASSED  ] 1 test.
<end of output>
Test time =   0.00 sec
----------------------------------------------------------
Test Passed.
"BlockQueueTest.FullQueue" end time: Jul 02 11:21 CST
"BlockQueueTest.FullQueue" time elapsed: 00:00:00
----------------------------------------------------------

6/21 Testing: BlockQueueTest.FrontBack
6/21 Test: BlockQueueTest.FrontBack
Command: "/home/huzeyi/xiangmu/TinyWebServer/tests/build/tinykv_tests" "--gtest_filter=BlockQueueTest.FrontBack" "--gtest_also_run_disabled_tests"
Directory: /home/huzeyi/xiangmu/TinyWebServer/tests/build
"BlockQueueTest.FrontBack" start time: Jul 02 11:21 CST
Output:
----------------------------------------------------------
Running main() from /home/huzeyi/xiangmu/TinyWebServer/tests/build/_deps/googletest-src/googletest/src/gtest_main.cc
Note: Google Test filter = BlockQueueTest.FrontBack
[==========] Running 1 test from 1 test suite.
[----------] Global test environment set-up.
[----------] 1 test from BlockQueueTest
[ RUN      ] BlockQueueTest.FrontBack
[       OK ] BlockQueueTest.FrontBack (0 ms)
[----------] 1 test from BlockQueueTest (0 ms total)

[----------] Global test environment tear-down
[==========] 1 test from 1 test suite ran. (0 ms total)
[  PASSED  ] 1 test.
<end of output>
Test time =   0.00 sec
----------------------------------------------------------
Test Passed.
"BlockQueueTest.FrontBack" end time: Jul 02 11:21 CST
"BlockQueueTest.FrontBack" time elapsed: 00:00:00
----------------------------------------------------------

7/21 Testing: BlockQueueTest.Clear
7/21 Test: BlockQueueTest.Clear
Command: "/home/huzeyi/xiangmu/TinyWebServer/tests/build/tinykv_tests" "--gtest_filter=BlockQueueTest.Clear" "--gtest_also_run_disabled_tests"
Directory: /home/huzeyi/xiangmu/TinyWebServer/tests/build
"BlockQueueTest.Clear" start time: Jul 02 11:21 CST
Output:
----------------------------------------------------------
Running main() from /home/huzeyi/xiangmu/TinyWebServer/tests/build/_deps/googletest-src/googletest/src/gtest_main.cc
Note: Google Test filter = BlockQueueTest.Clear
[==========] Running 1 test from 1 test suite.
[----------] Global test environment set-up.
[----------] 1 test from BlockQueueTest
[ RUN      ] BlockQueueTest.Clear
[       OK ] BlockQueueTest.Clear (0 ms)
[----------] 1 test from BlockQueueTest (0 ms total)

[----------] Global test environment tear-down
[==========] 1 test from 1 test suite ran. (0 ms total)
[  PASSED  ] 1 test.
<end of output>
Test time =   0.00 sec
----------------------------------------------------------
Test Passed.
"BlockQueueTest.Clear" end time: Jul 02 11:21 CST
"BlockQueueTest.Clear" time elapsed: 00:00:00
----------------------------------------------------------

8/21 Testing: BlockQueueTest.ThreadSafety
8/21 Test: BlockQueueTest.ThreadSafety
Command: "/home/huzeyi/xiangmu/TinyWebServer/tests/build/tinykv_tests" "--gtest_filter=BlockQueueTest.ThreadSafety" "--gtest_also_run_disabled_tests"
Directory: /home/huzeyi/xiangmu/TinyWebServer/tests/build
"BlockQueueTest.ThreadSafety" start time: Jul 02 11:21 CST
Output:
----------------------------------------------------------
Running main() from /home/huzeyi/xiangmu/TinyWebServer/tests/build/_deps/googletest-src/googletest/src/gtest_main.cc
Note: Google Test filter = BlockQueueTest.ThreadSafety
[==========] Running 1 test from 1 test suite.
[----------] Global test environment set-up.
[----------] 1 test from BlockQueueTest
[ RUN      ] BlockQueueTest.ThreadSafety
[       OK ] BlockQueueTest.ThreadSafety (0 ms)
[----------] 1 test from BlockQueueTest (0 ms total)

[----------] Global test environment tear-down
[==========] 1 test from 1 test suite ran. (0 ms total)
[  PASSED  ] 1 test.
<end of output>
Test time =   0.00 sec
----------------------------------------------------------
Test Passed.
"BlockQueueTest.ThreadSafety" end time: Jul 02 11:21 CST
"BlockQueueTest.ThreadSafety" time elapsed: 00:00:00
----------------------------------------------------------

9/21 Testing: BlockQueueTest.TimeoutPop
9/21 Test: BlockQueueTest.TimeoutPop
Command: "/home/huzeyi/xiangmu/TinyWebServer/tests/build/tinykv_tests" "--gtest_filter=BlockQueueTest.TimeoutPop" "--gtest_also_run_disabled_tests"
Directory: /home/huzeyi/xiangmu/TinyWebServer/tests/build
"BlockQueueTest.TimeoutPop" start time: Jul 02 11:21 CST
Output:
----------------------------------------------------------
Running main() from /home/huzeyi/xiangmu/TinyWebServer/tests/build/_deps/googletest-src/googletest/src/gtest_main.cc
Note: Google Test filter = BlockQueueTest.TimeoutPop
[==========] Running 1 test from 1 test suite.
[----------] Global test environment set-up.
[----------] 1 test from BlockQueueTest
[ RUN      ] BlockQueueTest.TimeoutPop
[       OK ] BlockQueueTest.TimeoutPop (103 ms)
[----------] 1 test from BlockQueueTest (103 ms total)

[----------] Global test environment tear-down
[==========] 1 test from 1 test suite ran. (103 ms total)
[  PASSED  ] 1 test.
<end of output>
Test time =   0.11 sec
----------------------------------------------------------
Test Passed.
"BlockQueueTest.TimeoutPop" end time: Jul 02 11:21 CST
"BlockQueueTest.TimeoutPop" time elapsed: 00:00:00
----------------------------------------------------------

10/21 Testing: ConsistentHashTest.ReturnsStableOwnerForKey
10/21 Test: ConsistentHashTest.ReturnsStableOwnerForKey
Command: "/home/huzeyi/xiangmu/TinyWebServer/tests/build/tinykv_tests" "--gtest_filter=ConsistentHashTest.ReturnsStableOwnerForKey" "--gtest_also_run_disabled_tests"
Directory: /home/huzeyi/xiangmu/TinyWebServer/tests/build
"ConsistentHashTest.ReturnsStableOwnerForKey" start time: Jul 02 11:21 CST
Output:
----------------------------------------------------------
Running main() from /home/huzeyi/xiangmu/TinyWebServer/tests/build/_deps/googletest-src/googletest/src/gtest_main.cc
Note: Google Test filter = ConsistentHashTest.ReturnsStableOwnerForKey
[==========] Running 1 test from 1 test suite.
[----------] Global test environment set-up.
[----------] 1 test from ConsistentHashTest
[ RUN      ] ConsistentHashTest.ReturnsStableOwnerForKey
[       OK ] ConsistentHashTest.ReturnsStableOwnerForKey (0 ms)
[----------] 1 test from ConsistentHashTest (0 ms total)

[----------] Global test environment tear-down
[==========] 1 test from 1 test suite ran. (0 ms total)
[  PASSED  ] 1 test.
<end of output>
Test time =   0.00 sec
----------------------------------------------------------
Test Passed.
"ConsistentHashTest.ReturnsStableOwnerForKey" end time: Jul 02 11:21 CST
"ConsistentHashTest.ReturnsStableOwnerForKey" time elapsed: 00:00:00
----------------------------------------------------------

11/21 Testing: ConsistentHashTest.EmptyRingHasNoOwner
11/21 Test: ConsistentHashTest.EmptyRingHasNoOwner
Command: "/home/huzeyi/xiangmu/TinyWebServer/tests/build/tinykv_tests" "--gtest_filter=ConsistentHashTest.EmptyRingHasNoOwner" "--gtest_also_run_disabled_tests"
Directory: /home/huzeyi/xiangmu/TinyWebServer/tests/build
"ConsistentHashTest.EmptyRingHasNoOwner" start time: Jul 02 11:21 CST
Output:
----------------------------------------------------------
Running main() from /home/huzeyi/xiangmu/TinyWebServer/tests/build/_deps/googletest-src/googletest/src/gtest_main.cc
Note: Google Test filter = ConsistentHashTest.EmptyRingHasNoOwner
[==========] Running 1 test from 1 test suite.
[----------] Global test environment set-up.
[----------] 1 test from ConsistentHashTest
[ RUN      ] ConsistentHashTest.EmptyRingHasNoOwner
[       OK ] ConsistentHashTest.EmptyRingHasNoOwner (0 ms)
[----------] 1 test from ConsistentHashTest (0 ms total)

[----------] Global test environment tear-down
[==========] 1 test from 1 test suite ran. (0 ms total)
[  PASSED  ] 1 test.
<end of output>
Test time =   0.00 sec
----------------------------------------------------------
Test Passed.
"ConsistentHashTest.EmptyRingHasNoOwner" end time: Jul 02 11:21 CST
"ConsistentHashTest.EmptyRingHasNoOwner" time elapsed: 00:00:00
----------------------------------------------------------

12/21 Testing: KVProtocolTest.ParsePutWithSpaces
12/21 Test: KVProtocolTest.ParsePutWithSpaces
Command: "/home/huzeyi/xiangmu/TinyWebServer/tests/build/tinykv_tests" "--gtest_filter=KVProtocolTest.ParsePutWithSpaces" "--gtest_also_run_disabled_tests"
Directory: /home/huzeyi/xiangmu/TinyWebServer/tests/build
"KVProtocolTest.ParsePutWithSpaces" start time: Jul 02 11:21 CST
Output:
----------------------------------------------------------
Running main() from /home/huzeyi/xiangmu/TinyWebServer/tests/build/_deps/googletest-src/googletest/src/gtest_main.cc
Note: Google Test filter = KVProtocolTest.ParsePutWithSpaces
[==========] Running 1 test from 1 test suite.
[----------] Global test environment set-up.
[----------] 1 test from KVProtocolTest
[ RUN      ] KVProtocolTest.ParsePutWithSpaces
[       OK ] KVProtocolTest.ParsePutWithSpaces (0 ms)
[----------] 1 test from KVProtocolTest (0 ms total)

[----------] Global test environment tear-down
[==========] 1 test from 1 test suite ran. (0 ms total)
[  PASSED  ] 1 test.
<end of output>
Test time =   0.00 sec
----------------------------------------------------------
Test Passed.
"KVProtocolTest.ParsePutWithSpaces" end time: Jul 02 11:21 CST
"KVProtocolTest.ParsePutWithSpaces" time elapsed: 00:00:00
----------------------------------------------------------

13/21 Testing: KVProtocolTest.ParseGetAndExists
13/21 Test: KVProtocolTest.ParseGetAndExists
Command: "/home/huzeyi/xiangmu/TinyWebServer/tests/build/tinykv_tests" "--gtest_filter=KVProtocolTest.ParseGetAndExists" "--gtest_also_run_disabled_tests"
Directory: /home/huzeyi/xiangmu/TinyWebServer/tests/build
"KVProtocolTest.ParseGetAndExists" start time: Jul 02 11:21 CST
Output:
----------------------------------------------------------
Running main() from /home/huzeyi/xiangmu/TinyWebServer/tests/build/_deps/googletest-src/googletest/src/gtest_main.cc
Note: Google Test filter = KVProtocolTest.ParseGetAndExists
[==========] Running 1 test from 1 test suite.
[----------] Global test environment set-up.
[----------] 1 test from KVProtocolTest
[ RUN      ] KVProtocolTest.ParseGetAndExists
[       OK ] KVProtocolTest.ParseGetAndExists (0 ms)
[----------] 1 test from KVProtocolTest (0 ms total)

[----------] Global test environment tear-down
[==========] 1 test from 1 test suite ran. (0 ms total)
[  PASSED  ] 1 test.
<end of output>
Test time =   0.00 sec
----------------------------------------------------------
Test Passed.
"KVProtocolTest.ParseGetAndExists" end time: Jul 02 11:21 CST
"KVProtocolTest.ParseGetAndExists" time elapsed: 00:00:00
----------------------------------------------------------

14/21 Testing: KVProtocolTest.RejectBadCommands
14/21 Test: KVProtocolTest.RejectBadCommands
Command: "/home/huzeyi/xiangmu/TinyWebServer/tests/build/tinykv_tests" "--gtest_filter=KVProtocolTest.RejectBadCommands" "--gtest_also_run_disabled_tests"
Directory: /home/huzeyi/xiangmu/TinyWebServer/tests/build
"KVProtocolTest.RejectBadCommands" start time: Jul 02 11:21 CST
Output:
----------------------------------------------------------
Running main() from /home/huzeyi/xiangmu/TinyWebServer/tests/build/_deps/googletest-src/googletest/src/gtest_main.cc
Note: Google Test filter = KVProtocolTest.RejectBadCommands
[==========] Running 1 test from 1 test suite.
[----------] Global test environment set-up.
[----------] 1 test from KVProtocolTest
[ RUN      ] KVProtocolTest.RejectBadCommands
[       OK ] KVProtocolTest.RejectBadCommands (0 ms)
[----------] 1 test from KVProtocolTest (0 ms total)

[----------] Global test environment tear-down
[==========] 1 test from 1 test suite ran. (0 ms total)
[  PASSED  ] 1 test.
<end of output>
Test time =   0.00 sec
----------------------------------------------------------
Test Passed.
"KVProtocolTest.RejectBadCommands" end time: Jul 02 11:21 CST
"KVProtocolTest.RejectBadCommands" time elapsed: 00:00:00
----------------------------------------------------------

15/21 Testing: KVProtocolTest.EncodeResponse
15/21 Test: KVProtocolTest.EncodeResponse
Command: "/home/huzeyi/xiangmu/TinyWebServer/tests/build/tinykv_tests" "--gtest_filter=KVProtocolTest.EncodeResponse" "--gtest_also_run_disabled_tests"
Directory: /home/huzeyi/xiangmu/TinyWebServer/tests/build
"KVProtocolTest.EncodeResponse" start time: Jul 02 11:21 CST
Output:
----------------------------------------------------------
Running main() from /home/huzeyi/xiangmu/TinyWebServer/tests/build/_deps/googletest-src/googletest/src/gtest_main.cc
Note: Google Test filter = KVProtocolTest.EncodeResponse
[==========] Running 1 test from 1 test suite.
[----------] Global test environment set-up.
[----------] 1 test from KVProtocolTest
[ RUN      ] KVProtocolTest.EncodeResponse
[       OK ] KVProtocolTest.EncodeResponse (0 ms)
[----------] 1 test from KVProtocolTest (0 ms total)

[----------] Global test environment tear-down
[==========] 1 test from 1 test suite ran. (0 ms total)
[  PASSED  ] 1 test.
<end of output>
Test time =   0.00 sec
----------------------------------------------------------
Test Passed.
"KVProtocolTest.EncodeResponse" end time: Jul 02 11:21 CST
"KVProtocolTest.EncodeResponse" time elapsed: 00:00:00
----------------------------------------------------------

16/21 Testing: KVProtocolTest.ParseRespSetGetExists
16/21 Test: KVProtocolTest.ParseRespSetGetExists
Command: "/home/huzeyi/xiangmu/TinyWebServer/tests/build/tinykv_tests" "--gtest_filter=KVProtocolTest.ParseRespSetGetExists" "--gtest_also_run_disabled_tests"
Directory: /home/huzeyi/xiangmu/TinyWebServer/tests/build
"KVProtocolTest.ParseRespSetGetExists" start time: Jul 02 11:21 CST
Output:
----------------------------------------------------------
Running main() from /home/huzeyi/xiangmu/TinyWebServer/tests/build/_deps/googletest-src/googletest/src/gtest_main.cc
Note: Google Test filter = KVProtocolTest.ParseRespSetGetExists
[==========] Running 1 test from 1 test suite.
[----------] Global test environment set-up.
[----------] 1 test from KVProtocolTest
[ RUN      ] KVProtocolTest.ParseRespSetGetExists
[       OK ] KVProtocolTest.ParseRespSetGetExists (0 ms)
[----------] 1 test from KVProtocolTest (0 ms total)

[----------] Global test environment tear-down
[==========] 1 test from 1 test suite ran. (0 ms total)
[  PASSED  ] 1 test.
<end of output>
Test time =   0.00 sec
----------------------------------------------------------
Test Passed.
"KVProtocolTest.ParseRespSetGetExists" end time: Jul 02 11:21 CST
"KVProtocolTest.ParseRespSetGetExists" time elapsed: 00:00:00
----------------------------------------------------------

17/21 Testing: KVProtocolTest.RejectBadResp
17/21 Test: KVProtocolTest.RejectBadResp
Command: "/home/huzeyi/xiangmu/TinyWebServer/tests/build/tinykv_tests" "--gtest_filter=KVProtocolTest.RejectBadResp" "--gtest_also_run_disabled_tests"
Directory: /home/huzeyi/xiangmu/TinyWebServer/tests/build
"KVProtocolTest.RejectBadResp" start time: Jul 02 11:21 CST
Output:
----------------------------------------------------------
Running main() from /home/huzeyi/xiangmu/TinyWebServer/tests/build/_deps/googletest-src/googletest/src/gtest_main.cc
Note: Google Test filter = KVProtocolTest.RejectBadResp
[==========] Running 1 test from 1 test suite.
[----------] Global test environment set-up.
[----------] 1 test from KVProtocolTest
[ RUN      ] KVProtocolTest.RejectBadResp
[       OK ] KVProtocolTest.RejectBadResp (0 ms)
[----------] 1 test from KVProtocolTest (0 ms total)

[----------] Global test environment tear-down
[==========] 1 test from 1 test suite ran. (0 ms total)
[  PASSED  ] 1 test.
<end of output>
Test time =   0.00 sec
----------------------------------------------------------
Test Passed.
"KVProtocolTest.RejectBadResp" end time: Jul 02 11:21 CST
"KVProtocolTest.RejectBadResp" time elapsed: 00:00:00
----------------------------------------------------------

18/21 Testing: MemoryStoreTest.PutGetExistsAndDelete
18/21 Test: MemoryStoreTest.PutGetExistsAndDelete
Command: "/home/huzeyi/xiangmu/TinyWebServer/tests/build/tinykv_tests" "--gtest_filter=MemoryStoreTest.PutGetExistsAndDelete" "--gtest_also_run_disabled_tests"
Directory: /home/huzeyi/xiangmu/TinyWebServer/tests/build
"MemoryStoreTest.PutGetExistsAndDelete" start time: Jul 02 11:21 CST
Output:
----------------------------------------------------------
Running main() from /home/huzeyi/xiangmu/TinyWebServer/tests/build/_deps/googletest-src/googletest/src/gtest_main.cc
Note: Google Test filter = MemoryStoreTest.PutGetExistsAndDelete
[==========] Running 1 test from 1 test suite.
[----------] Global test environment set-up.
[----------] 1 test from MemoryStoreTest
[ RUN      ] MemoryStoreTest.PutGetExistsAndDelete
[       OK ] MemoryStoreTest.PutGetExistsAndDelete (0 ms)
[----------] 1 test from MemoryStoreTest (0 ms total)

[----------] Global test environment tear-down
[==========] 1 test from 1 test suite ran. (0 ms total)
[  PASSED  ] 1 test.
<end of output>
Test time =   0.00 sec
----------------------------------------------------------
Test Passed.
"MemoryStoreTest.PutGetExistsAndDelete" end time: Jul 02 11:21 CST
"MemoryStoreTest.PutGetExistsAndDelete" time elapsed: 00:00:00
----------------------------------------------------------

19/21 Testing: MemoryStoreTest.RejectsEmptyKey
19/21 Test: MemoryStoreTest.RejectsEmptyKey
Command: "/home/huzeyi/xiangmu/TinyWebServer/tests/build/tinykv_tests" "--gtest_filter=MemoryStoreTest.RejectsEmptyKey" "--gtest_also_run_disabled_tests"
Directory: /home/huzeyi/xiangmu/TinyWebServer/tests/build
"MemoryStoreTest.RejectsEmptyKey" start time: Jul 02 11:21 CST
Output:
----------------------------------------------------------
Running main() from /home/huzeyi/xiangmu/TinyWebServer/tests/build/_deps/googletest-src/googletest/src/gtest_main.cc
Note: Google Test filter = MemoryStoreTest.RejectsEmptyKey
[==========] Running 1 test from 1 test suite.
[----------] Global test environment set-up.
[----------] 1 test from MemoryStoreTest
[ RUN      ] MemoryStoreTest.RejectsEmptyKey
[       OK ] MemoryStoreTest.RejectsEmptyKey (0 ms)
[----------] 1 test from MemoryStoreTest (0 ms total)

[----------] Global test environment tear-down
[==========] 1 test from 1 test suite ran. (0 ms total)
[  PASSED  ] 1 test.
<end of output>
Test time =   0.00 sec
----------------------------------------------------------
Test Passed.
"MemoryStoreTest.RejectsEmptyKey" end time: Jul 02 11:21 CST
"MemoryStoreTest.RejectsEmptyKey" time elapsed: 00:00:00
----------------------------------------------------------

20/21 Testing: WALTest.ReplaysPutAndDelete
20/21 Test: WALTest.ReplaysPutAndDelete
Command: "/home/huzeyi/xiangmu/TinyWebServer/tests/build/tinykv_tests" "--gtest_filter=WALTest.ReplaysPutAndDelete" "--gtest_also_run_disabled_tests"
Directory: /home/huzeyi/xiangmu/TinyWebServer/tests/build
"WALTest.ReplaysPutAndDelete" start time: Jul 02 11:21 CST
Output:
----------------------------------------------------------
Running main() from /home/huzeyi/xiangmu/TinyWebServer/tests/build/_deps/googletest-src/googletest/src/gtest_main.cc
Note: Google Test filter = WALTest.ReplaysPutAndDelete
[==========] Running 1 test from 1 test suite.
[----------] Global test environment set-up.
[----------] 1 test from WALTest
[ RUN      ] WALTest.ReplaysPutAndDelete
[       OK ] WALTest.ReplaysPutAndDelete (1 ms)
[----------] 1 test from WALTest (1 ms total)

[----------] Global test environment tear-down
[==========] 1 test from 1 test suite ran. (1 ms total)
[  PASSED  ] 1 test.
<end of output>
Test time =   0.00 sec
----------------------------------------------------------
Test Passed.
"WALTest.ReplaysPutAndDelete" end time: Jul 02 11:21 CST
"WALTest.ReplaysPutAndDelete" time elapsed: 00:00:00
----------------------------------------------------------

21/21 Testing: WALTest.SnapshotCompactsWalAndRestoresState
21/21 Test: WALTest.SnapshotCompactsWalAndRestoresState
Command: "/home/huzeyi/xiangmu/TinyWebServer/tests/build/tinykv_tests" "--gtest_filter=WALTest.SnapshotCompactsWalAndRestoresState" "--gtest_also_run_disabled_tests"
Directory: /home/huzeyi/xiangmu/TinyWebServer/tests/build
"WALTest.SnapshotCompactsWalAndRestoresState" start time: Jul 02 11:21 CST
Output:
----------------------------------------------------------
Running main() from /home/huzeyi/xiangmu/TinyWebServer/tests/build/_deps/googletest-src/googletest/src/gtest_main.cc
Note: Google Test filter = WALTest.SnapshotCompactsWalAndRestoresState
[==========] Running 1 test from 1 test suite.
[----------] Global test environment set-up.
[----------] 1 test from WALTest
[ RUN      ] WALTest.SnapshotCompactsWalAndRestoresState
[       OK ] WALTest.SnapshotCompactsWalAndRestoresState (1 ms)
[----------] 1 test from WALTest (1 ms total)

[----------] Global test environment tear-down
[==========] 1 test from 1 test suite ran. (1 ms total)
[  PASSED  ] 1 test.
<end of output>
Test time =   0.00 sec
----------------------------------------------------------
Test Passed.
"WALTest.SnapshotCompactsWalAndRestoresState" end time: Jul 02 11:21 CST
"WALTest.SnapshotCompactsWalAndRestoresState" time elapsed: 00:00:00
----------------------------------------------------------

End testing: Jul 02 11:21 CST
